
5月 15, 2018 15:35:26.51 NEW SESSION
5月 15, 2018 15:35:26.51 [7892:9560:0515/153526.519:ERROR:in_progress_cache_impl.cc(93)] Could not read download entries from file because there was a read failure.
5月 15, 2018 15:35:26.84 [7892:9536:0515/153526.816:ERROR:in_progress_cache_impl.cc(189)] Cache is not initialized, cannot RetrieveEntry.
5月 15, 2018 15:35:26.84 [7892:9536:0515/153526.816:ERROR:in_progress_cache_impl.cc(189)] Cache is not initialized, cannot RetrieveEntry.
5月 15, 2018 15:35:26.84 [7892:9536:0515/153526.816:ERROR:in_progress_cache_impl.cc(189)] Cache is not initialized, cannot RetrieveEntry.
5月 15, 2018 15:35:26.86 [7892:9536:0515/153526.816:ERROR:in_progress_cache_impl.cc(189)] Cache is not initialized, cannot RetrieveEntry.
5月 15, 2018 15:35:26.86 [7892:9536:0515/153526.816:ERROR:in_progress_cache_impl.cc(189)] Cache is not initialized, cannot RetrieveEntry.
5月 15, 2018 15:35:26.90 [7892:9536:0515/153526.816:ERROR:in_progress_cache_impl.cc(189)] Cache is not initialized, cannot RetrieveEntry.
5月 15, 2018 15:35:26.91 [7892:9536:0515/153526.816:ERROR:in_progress_cache_impl.cc(189)] Cache is not initialized, cannot RetrieveEntry.
5月 15, 2018 15:35:26.92 [7892:9536:0515/153526.816:ERROR:in_progress_cache_impl.cc(189)] Cache is not initialized, cannot RetrieveEntry.
5月 15, 2018 15:35:26.93 [7892:9536:0515/153526.816:ERROR:in_progress_cache_impl.cc(189)] Cache is not initialized, cannot RetrieveEntry.
5月 15, 2018 15:35:26.93 [7892:9536:0515/153526.816:ERROR:in_progress_cache_impl.cc(189)] Cache is not initialized, cannot RetrieveEntry.
5月 15, 2018 15:35:26.94 [7892:9536:0515/153526.816:ERROR:in_progress_cache_impl.cc(189)] Cache is not initialized, cannot RetrieveEntry.
5月 15, 2018 15:35:26.95 [7892:9536:0515/153526.816:ERROR:in_progress_cache_impl.cc(189)] Cache is not initialized, cannot RetrieveEntry.
5月 15, 2018 15:35:26.99 [7892:9536:0515/153526.816:ERROR:in_progress_cache_impl.cc(189)] Cache is not initialized, cannot RetrieveEntry.
5月 15, 2018 15:35:27.02 [7892:9536:0515/153526.816:ERROR:in_progress_cache_impl.cc(189)] Cache is not initialized, cannot RetrieveEntry.
5月 15, 2018 15:35:27.03 [7892:9536:0515/153526.816:ERROR:in_progress_cache_impl.cc(189)] Cache is not initialized, cannot RetrieveEntry.
5月 15, 2018 15:35:27.04 [7892:9536:0515/153526.816:ERROR:in_progress_cache_impl.cc(189)] Cache is not initialized, cannot RetrieveEntry.
5月 15, 2018 15:35:27.04 [7892:9536:0515/153526.816:ERROR:in_progress_cache_impl.cc(189)] Cache is not initialized, cannot RetrieveEntry.
5月 15, 2018 15:35:27.05 [7892:9536:0515/153526.816:ERROR:in_progress_cache_impl.cc(189)] Cache is not initialized, cannot RetrieveEntry.
5月 15, 2018 15:35:27.06 [7892:9536:0515/153526.816:ERROR:in_progress_cache_impl.cc(189)] Cache is not initialized, cannot RetrieveEntry.
5月 15, 2018 15:35:27.06 [7892:9536:0515/153526.816:ERROR:in_progress_cache_impl.cc(189)] Cache is not initialized, cannot RetrieveEntry.
5月 15, 2018 15:35:27.06 [7892:9536:0515/153526.816:ERROR:in_progress_cache_impl.cc(189)] Cache is not initialized, cannot RetrieveEntry.
5月 15, 2018 15:35:27.06 [7892:9536:0515/153526.816:ERROR:in_progress_cache_impl.cc(189)] Cache is not initialized, cannot RetrieveEntry.
5月 15, 2018 15:35:27.07 [7892:9536:0515/153526.816:ERROR:in_progress_cache_impl.cc(189)] Cache is not initialized, cannot RetrieveEntry.
5月 15, 2018 15:50:22.12 Unable to read VR Path Registry from C:\Users\jin.junho\AppData\Local\openvr\openvrpaths.vrpath
5月 15, 2018 15:50:35.43 [4288:4592:0515/155035.436:ERROR:in_progress_cache_impl.cc(93)] Could not read download entries from file because there was a read failure.
5月 15, 2018 15:50:35.57 [4288:9704:0515/155035.577:ERROR:in_progress_cache_impl.cc(189)] Cache is not initialized, cannot RetrieveEntry.
5月 15, 2018 15:50:35.59 [4288:9704:0515/155035.577:ERROR:in_progress_cache_impl.cc(189)] Cache is not initialized, cannot RetrieveEntry.
5月 15, 2018 15:50:35.60 [4288:9704:0515/155035.577:ERROR:in_progress_cache_impl.cc(189)] Cache is not initialized, cannot RetrieveEntry.
5月 15, 2018 15:50:35.65 [4288:9704:0515/155035.577:ERROR:in_progress_cache_impl.cc(189)] Cache is not initialized, cannot RetrieveEntry.
5月 15, 2018 15:50:35.65 [4288:9704:0515/155035.577:ERROR:in_progress_cache_impl.cc(189)] Cache is not initialized, cannot RetrieveEntry.
5月 15, 2018 15:50:35.68 [4288:9704:0515/155035.577:ERROR:in_progress_cache_impl.cc(189)] Cache is not initialized, cannot RetrieveEntry.
5月 15, 2018 15:50:35.69 [4288:9704:0515/155035.577:ERROR:in_progress_cache_impl.cc(189)] Cache is not initialized, cannot RetrieveEntry.
5月 15, 2018 15:50:35.69 [4288:9704:0515/155035.577:ERROR:in_progress_cache_impl.cc(189)] Cache is not initialized, cannot RetrieveEntry.
5月 15, 2018 15:50:35.70 [4288:9704:0515/155035.577:ERROR:in_progress_cache_impl.cc(189)] Cache is not initialized, cannot RetrieveEntry.
5月 15, 2018 15:50:35.71 [4288:9704:0515/155035.577:ERROR:in_progress_cache_impl.cc(189)] Cache is not initialized, cannot RetrieveEntry.
5月 15, 2018 15:50:35.72 [4288:9704:0515/155035.577:ERROR:in_progress_cache_impl.cc(189)] Cache is not initialized, cannot RetrieveEntry.
5月 15, 2018 15:50:35.72 [4288:9704:0515/155035.577:ERROR:in_progress_cache_impl.cc(189)] Cache is not initialized, cannot RetrieveEntry.
5月 15, 2018 15:50:35.72 [4288:9704:0515/155035.577:ERROR:in_progress_cache_impl.cc(189)] Cache is not initialized, cannot RetrieveEntry.
5月 15, 2018 15:50:35.73 [4288:9704:0515/155035.577:ERROR:in_progress_cache_impl.cc(189)] Cache is not initialized, cannot RetrieveEntry.
5月 15, 2018 15:50:35.73 [4288:9704:0515/155035.577:ERROR:in_progress_cache_impl.cc(189)] Cache is not initialized, cannot RetrieveEntry.
5月 15, 2018 15:50:35.73 [4288:9704:0515/155035.577:ERROR:in_progress_cache_impl.cc(189)] Cache is not initialized, cannot RetrieveEntry.
5月 15, 2018 15:50:35.74 [4288:9704:0515/155035.577:ERROR:in_progress_cache_impl.cc(189)] Cache is not initialized, cannot RetrieveEntry.
5月 15, 2018 15:50:35.74 [4288:9704:0515/155035.577:ERROR:in_progress_cache_impl.cc(189)] Cache is not initialized, cannot RetrieveEntry.
5月 15, 2018 15:50:35.75 [4288:9704:0515/155035.577:ERROR:in_progress_cache_impl.cc(189)] Cache is not initialized, cannot RetrieveEntry.
5月 15, 2018 15:50:35.75 [4288:9704:0515/155035.577:ERROR:in_progress_cache_impl.cc(189)] Cache is not initialized, cannot RetrieveEntry.
5月 15, 2018 15:50:35.75 [4288:9704:0515/155035.577:ERROR:in_progress_cache_impl.cc(189)] Cache is not initialized, cannot RetrieveEntry.
5月 15, 2018 15:50:35.75 [4288:9704:0515/155035.577:ERROR:in_progress_cache_impl.cc(189)] Cache is not initialized, cannot RetrieveEntry.
5月 15, 2018 15:50:35.75 [4288:9704:0515/155035.577:ERROR:in_progress_cache_impl.cc(189)] Cache is not initialized, cannot RetrieveEntry.
5月 15, 2018 15:51:29.96 Unable to read VR Path Registry from C:\Users\jin.junho\AppData\Local\openvr\openvrpaths.vrpath
5月 15, 2018 15:51:55.34 [4992:4924:0515/155155.344:ERROR:in_progress_cache_impl.cc(93)] Could not read download entries from file because there was a read failure.
5月 15, 2018 16:58:18.30 Unable to read VR Path Registry from C:\Users\jin.junho\AppData\Local\openvr\openvrpaths.vrpath
5月 15, 2018 16:58:18.32 [4992:9740:0515/165818.309:ERROR:render_widget_host_view_aura.cc(1390)] NOT IMPLEMENTED
5月 15, 2018 16:58:18.32 [4992:9740:0515/165818.309:ERROR:render_widget_host_view_aura.cc(1390)] NOT IMPLEMENTED
5月 15, 2018 16:58:36.11 [4992:9740:0515/165836.103:ERROR:render_widget_host_view_aura.cc(1390)] NOT IMPLEMENTED
5月 15, 2018 16:58:36.11 [4992:9740:0515/165836.103:ERROR:render_widget_host_view_aura.cc(1390)] NOT IMPLEMENTED
5月 15, 2018 17:07:33.28 [4992:9740:0515/170733.283:ERROR:render_widget_host_view_aura.cc(1390)] NOT IMPLEMENTED
5月 15, 2018 17:07:33.29 [4992:9740:0515/170733.283:ERROR:render_widget_host_view_aura.cc(1390)] NOT IMPLEMENTED
